2022-11-05 14:35:34.066  INFO 5260 --- [Test worker] c.d.s.i.d.repository.UserRepositoryTest  : Starting UserRepositoryTest using Java 17.0.5 on WIN-9FP64LM0111 with PID 5260 (started by User in F:\JavaProjects\spring-starter)
2022-11-05 14:35:34.075  INFO 5260 --- [Test worker] c.d.s.i.d.repository.UserRepositoryTest  : The following 1 profile is active: "test"
2022-11-05 14:35:34.904  INFO 5260 --- [Test worker] .s.d.r.c.RepositoryConfigurationDelegate : Bootstrapping Spring Data JPA repositories in DEFAULT mode.
2022-11-05 14:35:34.991  INFO 5260 --- [Test worker] .s.d.r.c.RepositoryConfigurationDelegate : Finished Spring Data repository scanning in 77 ms. Found 2 JPA repository interfaces.
2022-11-05 14:35:35.849  INFO 5260 --- [Test worker] o.hibernate.jpa.internal.util.LogHelper  : HHH000204: Processing PersistenceUnitInfo [name: default]
2022-11-05 14:35:35.959  INFO 5260 --- [Test worker] org.hibernate.Version                    : HHH000412: Hibernate ORM core version 5.6.12.Final
2022-11-05 14:35:36.181  INFO 5260 --- [Test worker] o.hibernate.annotations.common.Version   : HCANN000001: Hibernate Commons Annotations {5.1.2.Final}
2022-11-05 14:35:36.366  INFO 5260 --- [Test worker] com.zaxxer.hikari.HikariDataSource       : HikariPool-1 - Starting...
2022-11-05 14:35:36.642  INFO 5260 --- [Test worker] com.zaxxer.hikari.HikariDataSource       : HikariPool-1 - Start completed.
2022-11-05 14:35:36.685  INFO 5260 --- [Test worker] org.hibernate.dialect.Dialect            : HHH000400: Using dialect: org.hibernate.dialect.PostgreSQL10Dialect
2022-11-05 14:35:38.102  INFO 5260 --- [Test worker] o.h.e.t.j.p.i.JtaPlatformInitiator       : HHH000490: Using JtaPlatform implementation: [org.hibernate.engine.transaction.jta.platform.internal.NoJtaPlatform]
2022-11-05 14:35:38.219  INFO 5260 --- [Test worker] j.LocalContainerEntityManagerFactoryBean : Initialized JPA EntityManagerFactory for persistence unit 'default'
2022-11-05 14:35:38.237  INFO 5260 --- [Test worker] c.d.spring.database.pool.ConnectionPool  : Init connection pool
2022-11-05 14:35:38.477  INFO 5260 --- [Test worker] c.dmdev.spring.config.JpaConfiguration   : Jpa Configuration is enabled
2022-11-05 14:35:39.179  INFO 5260 --- [Test worker] c.d.spring.database.pool.ConnectionPool  : Init connection pool
2022-11-05 14:35:39.181  INFO 5260 --- [Test worker] c.d.spring.database.pool.ConnectionPool  : Init connection pool
2022-11-05 14:35:39.444  INFO 5260 --- [Test worker] c.d.s.i.d.repository.UserRepositoryTest  : Started UserRepositoryTest in 5.885 seconds (JVM running for 9.002)
2022-11-05 14:35:39.488  INFO 5260 --- [Test worker] o.s.t.c.transaction.TransactionContext   : Began transaction (1) for test context [DefaultTestContext@1e044120 testClass = UserRepositoryTest, testInstance = com.dmdev.spring.integration.database.repository.UserRepositoryTest@1bb78ae, testMethod = checkAuditing@UserRepositoryTest, testException = [null], mergedContextConfiguration = [MergedContextConfiguration@2cf23c81 testClass = UserRepositoryTest, locations = '{}', classes = '{class com.dmdev.spring.ApplicationRunner, class com.dmdev.spring.integration.TestApplicationRunner}', contextInitializerClasses = '[]', activeProfiles = '{test}', propertySourceLocations = '{}', propertySourceProperties = '{org.springframework.boot.test.context.SpringBootTestContextBootstrapper=true}', contextCustomizers = set[org.springframework.boot.test.autoconfigure.actuate.metrics.MetricsExportContextCustomizerFactory$DisableMetricExportContextCustomizer@1941a8ff, org.springframework.boot.test.autoconfigure.properties.PropertyMappingContextCustomizer@0, org.springframework.boot.test.autoconfigure.web.servlet.WebDriverContextCustomizerFactory$Customizer@7502291e, org.springframework.boot.test.context.filter.ExcludeFilterContextCustomizer@63798ca7, org.springframework.boot.test.json.DuplicateJsonObjectContextCustomizerFactory$DuplicateJsonObjectContextCustomizer@e8df99a, org.springframework.boot.test.mock.mockito.MockitoContextCustomizer@0, org.springframework.boot.test.web.client.TestRestTemplateContextCustomizer@2da59753, org.springframework.boot.test.context.SpringBootTestArgs@1, org.springframework.boot.test.context.SpringBootTestWebEnvironment@7a419da4], contextLoader = 'org.springframework.boot.test.context.SpringBootContextLoader', parent = [null]], attributes = map['org.springframework.test.context.event.ApplicationEventsTestExecutionListener.recordApplicationEvents' -> false]]; transaction manager [org.springframework.orm.jpa.JpaTransactionManager@1701beb3]; rollback [true]
2022-11-05 14:36:05.893  INFO 5260 --- [Test worker] o.s.t.c.transaction.TransactionContext   : Rolled back transaction for test: [DefaultTestContext@1e044120 testClass = UserRepositoryTest, testInstance = com.dmdev.spring.integration.database.repository.UserRepositoryTest@1bb78ae, testMethod = checkAuditing@UserRepositoryTest, testException = [null], mergedContextConfiguration = [MergedContextConfiguration@2cf23c81 testClass = UserRepositoryTest, locations = '{}', classes = '{class com.dmdev.spring.ApplicationRunner, class com.dmdev.spring.integration.TestApplicationRunner}', contextInitializerClasses = '[]', activeProfiles = '{test}', propertySourceLocations = '{}', propertySourceProperties = '{org.springframework.boot.test.context.SpringBootTestContextBootstrapper=true}', contextCustomizers = set[org.springframework.boot.test.autoconfigure.actuate.metrics.MetricsExportContextCustomizerFactory$DisableMetricExportContextCustomizer@1941a8ff, org.springframework.boot.test.autoconfigure.properties.PropertyMappingContextCustomizer@0, org.springframework.boot.test.autoconfigure.web.servlet.WebDriverContextCustomizerFactory$Customizer@7502291e, org.springframework.boot.test.context.filter.ExcludeFilterContextCustomizer@63798ca7, org.springframework.boot.test.json.DuplicateJsonObjectContextCustomizerFactory$DuplicateJsonObjectContextCustomizer@e8df99a, org.springframework.boot.test.mock.mockito.MockitoContextCustomizer@0, org.springframework.boot.test.web.client.TestRestTemplateContextCustomizer@2da59753, org.springframework.boot.test.context.SpringBootTestArgs@1, org.springframework.boot.test.context.SpringBootTestWebEnvironment@7a419da4], contextLoader = 'org.springframework.boot.test.context.SpringBootContextLoader', parent = [null]], attributes = map['org.springframework.test.context.event.ApplicationEventsTestExecutionListener.recordApplicationEvents' -> false]]
2022-11-05 14:36:05.948  INFO 5260 --- [SpringApplicationShutdownHook] c.d.spring.database.pool.ConnectionPool  : Clean connection pool
2022-11-05 14:36:05.948  INFO 5260 --- [SpringApplicationShutdownHook] c.d.spring.database.pool.ConnectionPool  : Clean connection pool
2022-11-05 14:36:05.950  INFO 5260 --- [SpringApplicationShutdownHook] c.d.spring.database.pool.ConnectionPool  : Clean connection pool
2022-11-05 14:36:05.951  INFO 5260 --- [SpringApplicationShutdownHook] j.LocalContainerEntityManagerFactoryBean : Closing JPA EntityManagerFactory for persistence unit 'default'
2022-11-05 14:36:05.954  INFO 5260 --- [SpringApplicationShutdownHook] com.zaxxer.hikari.HikariDataSource       : HikariPool-1 - Shutdown initiated...
2022-11-05 14:36:06.030  INFO 5260 --- [SpringApplicationShutdownHook] com.zaxxer.hikari.HikariDataSource       : HikariPool-1 - Shutdown completed.
2022-11-05 14:43:30.103  INFO 11044 --- [Test worker] c.d.s.i.d.repository.UserRepositoryTest  : Starting UserRepositoryTest using Java 17.0.5 on WIN-9FP64LM0111 with PID 11044 (started by User in F:\JavaProjects\spring-starter)
2022-11-05 14:43:30.105  INFO 11044 --- [Test worker] c.d.s.i.d.repository.UserRepositoryTest  : The following 1 profile is active: "test"
2022-11-05 14:43:30.628  INFO 11044 --- [Test worker] .s.d.r.c.RepositoryConfigurationDelegate : Bootstrapping Spring Data JPA repositories in DEFAULT mode.
2022-11-05 14:43:30.695  INFO 11044 --- [Test worker] .s.d.r.c.RepositoryConfigurationDelegate : Finished Spring Data repository scanning in 58 ms. Found 2 JPA repository interfaces.
2022-11-05 14:43:31.526  INFO 11044 --- [Test worker] o.hibernate.jpa.internal.util.LogHelper  : HHH000204: Processing PersistenceUnitInfo [name: default]
2022-11-05 14:43:31.609  INFO 11044 --- [Test worker] org.hibernate.Version                    : HHH000412: Hibernate ORM core version 5.6.12.Final
2022-11-05 14:43:31.810  INFO 11044 --- [Test worker] o.hibernate.annotations.common.Version   : HCANN000001: Hibernate Commons Annotations {5.1.2.Final}
2022-11-05 14:43:31.949  INFO 11044 --- [Test worker] com.zaxxer.hikari.HikariDataSource       : HikariPool-1 - Starting...
2022-11-05 14:43:32.127  INFO 11044 --- [Test worker] com.zaxxer.hikari.HikariDataSource       : HikariPool-1 - Start completed.
2022-11-05 14:43:32.162  INFO 11044 --- [Test worker] org.hibernate.dialect.Dialect            : HHH000400: Using dialect: org.hibernate.dialect.PostgreSQL10Dialect
2022-11-05 14:43:33.297  INFO 11044 --- [Test worker] o.h.e.t.j.p.i.JtaPlatformInitiator       : HHH000490: Using JtaPlatform implementation: [org.hibernate.engine.transaction.jta.platform.internal.NoJtaPlatform]
2022-11-05 14:43:33.420  INFO 11044 --- [Test worker] j.LocalContainerEntityManagerFactoryBean : Initialized JPA EntityManagerFactory for persistence unit 'default'
2022-11-05 14:43:33.440  INFO 11044 --- [Test worker] c.d.spring.database.pool.ConnectionPool  : Init connection pool
2022-11-05 14:43:33.682  INFO 11044 --- [Test worker] c.dmdev.spring.config.JpaConfiguration   : Jpa Configuration is enabled
2022-11-05 14:43:34.300  INFO 11044 --- [Test worker] c.d.spring.database.pool.ConnectionPool  : Init connection pool
2022-11-05 14:43:34.301  INFO 11044 --- [Test worker] c.d.spring.database.pool.ConnectionPool  : Init connection pool
2022-11-05 14:43:34.549  INFO 11044 --- [Test worker] c.d.s.i.d.repository.UserRepositoryTest  : Started UserRepositoryTest in 4.849 seconds (JVM running for 6.399)
2022-11-05 14:43:34.583  INFO 11044 --- [Test worker] o.s.t.c.transaction.TransactionContext   : Began transaction (1) for test context [DefaultTestContext@1e044120 testClass = UserRepositoryTest, testInstance = com.dmdev.spring.integration.database.repository.UserRepositoryTest@28dd8786, testMethod = checkAuditing@UserRepositoryTest, testException = [null], mergedContextConfiguration = [MergedContextConfiguration@2cf23c81 testClass = UserRepositoryTest, locations = '{}', classes = '{class com.dmdev.spring.ApplicationRunner, class com.dmdev.spring.integration.TestApplicationRunner}', contextInitializerClasses = '[]', activeProfiles = '{test}', propertySourceLocations = '{}', propertySourceProperties = '{org.springframework.boot.test.context.SpringBootTestContextBootstrapper=true}', contextCustomizers = set[org.springframework.boot.test.autoconfigure.actuate.metrics.MetricsExportContextCustomizerFactory$DisableMetricExportContextCustomizer@1941a8ff, org.springframework.boot.test.autoconfigure.properties.PropertyMappingContextCustomizer@0, org.springframework.boot.test.autoconfigure.web.servlet.WebDriverContextCustomizerFactory$Customizer@7502291e, org.springframework.boot.test.context.filter.ExcludeFilterContextCustomizer@63798ca7, org.springframework.boot.test.json.DuplicateJsonObjectContextCustomizerFactory$DuplicateJsonObjectContextCustomizer@e8df99a, org.springframework.boot.test.mock.mockito.MockitoContextCustomizer@0, org.springframework.boot.test.web.client.TestRestTemplateContextCustomizer@2da59753, org.springframework.boot.test.context.SpringBootTestArgs@1, org.springframework.boot.test.context.SpringBootTestWebEnvironment@7a419da4], contextLoader = 'org.springframework.boot.test.context.SpringBootContextLoader', parent = [null]], attributes = map['org.springframework.test.context.event.ApplicationEventsTestExecutionListener.recordApplicationEvents' -> false]]; transaction manager [org.springframework.orm.jpa.JpaTransactionManager@44df834c]; rollback [true]
2022-11-05 14:44:15.323  INFO 11044 --- [Test worker] o.s.t.c.transaction.TransactionContext   : Rolled back transaction for test: [DefaultTestContext@1e044120 testClass = UserRepositoryTest, testInstance = com.dmdev.spring.integration.database.repository.UserRepositoryTest@28dd8786, testMethod = checkAuditing@UserRepositoryTest, testException = [null], mergedContextConfiguration = [MergedContextConfiguration@2cf23c81 testClass = UserRepositoryTest, locations = '{}', classes = '{class com.dmdev.spring.ApplicationRunner, class com.dmdev.spring.integration.TestApplicationRunner}', contextInitializerClasses = '[]', activeProfiles = '{test}', propertySourceLocations = '{}', propertySourceProperties = '{org.springframework.boot.test.context.SpringBootTestContextBootstrapper=true}', contextCustomizers = set[org.springframework.boot.test.autoconfigure.actuate.metrics.MetricsExportContextCustomizerFactory$DisableMetricExportContextCustomizer@1941a8ff, org.springframework.boot.test.autoconfigure.properties.PropertyMappingContextCustomizer@0, org.springframework.boot.test.autoconfigure.web.servlet.WebDriverContextCustomizerFactory$Customizer@7502291e, org.springframework.boot.test.context.filter.ExcludeFilterContextCustomizer@63798ca7, org.springframework.boot.test.json.DuplicateJsonObjectContextCustomizerFactory$DuplicateJsonObjectContextCustomizer@e8df99a, org.springframework.boot.test.mock.mockito.MockitoContextCustomizer@0, org.springframework.boot.test.web.client.TestRestTemplateContextCustomizer@2da59753, org.springframework.boot.test.context.SpringBootTestArgs@1, org.springframework.boot.test.context.SpringBootTestWebEnvironment@7a419da4], contextLoader = 'org.springframework.boot.test.context.SpringBootContextLoader', parent = [null]], attributes = map['org.springframework.test.context.event.ApplicationEventsTestExecutionListener.recordApplicationEvents' -> false]]
2022-11-05 14:44:15.355  INFO 11044 --- [SpringApplicationShutdownHook] c.d.spring.database.pool.ConnectionPool  : Clean connection pool
2022-11-05 14:44:15.356  INFO 11044 --- [SpringApplicationShutdownHook] c.d.spring.database.pool.ConnectionPool  : Clean connection pool
2022-11-05 14:44:15.356  INFO 11044 --- [SpringApplicationShutdownHook] c.d.spring.database.pool.ConnectionPool  : Clean connection pool
2022-11-05 14:44:15.357  INFO 11044 --- [SpringApplicationShutdownHook] j.LocalContainerEntityManagerFactoryBean : Closing JPA EntityManagerFactory for persistence unit 'default'
2022-11-05 14:44:15.358  INFO 11044 --- [SpringApplicationShutdownHook] com.zaxxer.hikari.HikariDataSource       : HikariPool-1 - Shutdown initiated...
2022-11-05 14:44:15.369  INFO 11044 --- [SpringApplicationShutdownHook] com.zaxxer.hikari.HikariDataSource       : HikariPool-1 - Shutdown completed.
